

*******************************************************************************
Mon Nov 14 00:10:18 2022


FIT:    data read from "LongitudDeOnda20.dat"
        format = z
        x range restricted to [100.000 : 180.000]
        #datapoints = 383
        residuals are weighted equally (unit weight)

function used for fitting: R(x)
	R(x)= a*x+b
fitted parameters initialized with current variable values

iter      chisq       delta/lim  lambda   a             b            
   0 3.8584509900e+08   0.00e+00  5.12e+02   -5.000000e+00  -1.750000e+02
   4 1.9383651526e+05  -3.16e-06  5.12e-02   -2.856115e+00   5.285873e+02

After 4 iterations the fit converged.
final sum of squares of residuals : 193837
rel. change during last iteration : -3.15707e-11

degrees of freedom    (FIT_NDF)                        : 381
rms of residuals      (FIT_STDFIT) = sqrt(WSSR/ndf)    : 22.5556
variance of residuals (reduced chisquare) = WSSR/ndf   : 508.757

Final set of parameters            Asymptotic Standard Error
=======================            ==========================
a               = -2.85612         +/- 0.06796      (2.38%)
b               = 528.587          +/- 9.555        (1.808%)

correlation matrix of the fit parameters:
                a      b      
a               1.000 
b              -0.993  1.000 


*******************************************************************************
Mon Nov 14 00:20:33 2022


FIT:    data read from "LongitudDeOnda20.dat"
        format = z
        x range restricted to [100.000 : 180.000]
        #datapoints = 383
        residuals are weighted equally (unit weight)

function used for fitting: R(x)
	R(x)= a*(x+b)
fitted parameters initialized with current variable values

iter      chisq       delta/lim  lambda   a             b            
   0 1.8223230400e+06   0.00e+00  6.57e+02   -5.200000e+00  -1.745000e+02
   4 1.9383651526e+05  -2.37e-05  6.57e-02   -2.856115e+00  -1.850721e+02

After 4 iterations the fit converged.
final sum of squares of residuals : 193837
rel. change during last iteration : -2.37382e-10

degrees of freedom    (FIT_NDF)                        : 381
rms of residuals      (FIT_STDFIT) = sqrt(WSSR/ndf)    : 22.5556
variance of residuals (reduced chisquare) = WSSR/ndf   : 508.757

Final set of parameters            Asymptotic Standard Error
=======================            ==========================
a               = -2.85612         +/- 0.06796      (2.38%)
b               = -185.072         +/- 1.156        (0.6244%)

correlation matrix of the fit parameters:
                a      b      
a               1.000 
b              -0.937  1.000 
